c:\github\hl2cerestored\sp\src\utils\motionmapper\release\filesystem_helpers.obj
c:\github\hl2cerestored\sp\src\utils\motionmapper\release\scriplib.obj
c:\github\hl2cerestored\sp\src\utils\motionmapper\release\memoverride.obj
c:\github\hl2cerestored\sp\src\utils\motionmapper\release\motionmapper.obj
c:\github\hl2cerestored\sp\src\utils\motionmapper\release\filesystem_init.obj
c:\github\hl2cerestored\sp\src\utils\motionmapper\release\cmdlib.obj
c:\github\hl2cerestored\sp\src\utils\motionmapper\release\filesystem_tools.obj
c:\github\hl2cerestored\sp\src\utils\motionmapper\release\vc145.pdb
c:\github\hl2cerestored\sp\src\utils\motionmapper\release\pointeroverride.obj
c:\github\hl2cerestored\sp\src\utils\motionmapper\motionmapper.vpc.sentinel
c:\github\hl2cerestored\sp\src\utils\motionmapper\release\motionmapper.exe
c:\github\hl2cerestored\sp\src\utils\motionmapper\release\motionmapper.pdb
c:\github\hl2cerestored\sp\src\utils\motionmapper\release\motionmapper.lib
c:\github\hl2cerestored\sp\src\utils\motionmapper\release\motionmapper.exp
c:\github\hl2cerestored\sp\src\utils\motionmapper\release\motionmapper.tlog\cl.18260.write.1.tlog
c:\github\hl2cerestored\sp\src\utils\motionmapper\release\motionmapper.tlog\cl.command.1.tlog
c:\github\hl2cerestored\sp\src\utils\motionmapper\release\motionmapper.tlog\cl.items.tlog
c:\github\hl2cerestored\sp\src\utils\motionmapper\release\motionmapper.tlog\cl.read.1.tlog
c:\github\hl2cerestored\sp\src\utils\motionmapper\release\motionmapper.tlog\custombuild.command.1.tlog
c:\github\hl2cerestored\sp\src\utils\motionmapper\release\motionmapper.tlog\custombuild.read.1.tlog
c:\github\hl2cerestored\sp\src\utils\motionmapper\release\motionmapper.tlog\custombuild.write.1.tlog
c:\github\hl2cerestored\sp\src\utils\motionmapper\release\motionmapper.tlog\link.command.1.tlog
c:\github\hl2cerestored\sp\src\utils\motionmapper\release\motionmapper.tlog\link.read.1.tlog
c:\github\hl2cerestored\sp\src\utils\motionmapper\release\motionmapper.tlog\link.secondary.1.tlog
c:\github\hl2cerestored\sp\src\utils\motionmapper\release\motionmapper.tlog\link.write.1.tlog
