c:\github\hl2cerestored\sp\src\vgui2\vgui_controls\release\controllermap.obj
c:\github\hl2cerestored\sp\src\vgui2\vgui_controls\release\listpanel.obj
c:\github\hl2cerestored\sp\src\vgui2\vgui_controls\release\scrollbarslider.obj
c:\github\hl2cerestored\sp\src\vgui2\vgui_controls\release\expandbutton.obj
c:\github\hl2cerestored\sp\src\vgui2\vgui_controls\release\messagebox.obj
c:\github\hl2cerestored\sp\src\vgui2\vgui_controls\release\richtext.obj
c:\github\hl2cerestored\sp\src\vgui2\vgui_controls\release\directoryselectdialog.obj
c:\github\hl2cerestored\sp\src\vgui2\vgui_controls\release\panel.obj
c:\github\hl2cerestored\sp\src\vgui2\vgui_controls\release\animatingimagepanel.obj
c:\github\hl2cerestored\sp\src\vgui2\vgui_controls\release\inputdialog.obj
c:\github\hl2cerestored\sp\src\vgui2\vgui_controls\release\propertysheet.obj
c:\github\hl2cerestored\sp\src\vgui2\vgui_controls\release\wizardpanel.obj
c:\github\hl2cerestored\sp\src\vgui2\vgui_controls\release\checkbutton.obj
c:\github\hl2cerestored\sp\src\vgui2\vgui_controls\release\keyrepeat.obj
c:\github\hl2cerestored\sp\src\vgui2\vgui_controls\release\urllabel.obj
c:\github\hl2cerestored\sp\src\vgui2\vgui_controls\release\buildfactoryhelper.obj
c:\github\hl2cerestored\sp\src\vgui2\vgui_controls\release\imagepanel.obj
c:\github\hl2cerestored\sp\src\vgui2\vgui_controls\release\propertydialog.obj
c:\github\hl2cerestored\sp\src\vgui2\vgui_controls\release\sectionedlistpanel.obj
c:\github\hl2cerestored\sp\src\vgui2\vgui_controls\release\editablepanel.obj
c:\github\hl2cerestored\sp\src\vgui2\vgui_controls\release\menubutton.obj
c:\github\hl2cerestored\sp\src\vgui2\vgui_controls\release\textentry.obj
c:\github\hl2cerestored\sp\src\vgui2\vgui_controls\release\divider.obj
c:\github\hl2cerestored\sp\src\vgui2\vgui_controls\release\image.obj
c:\github\hl2cerestored\sp\src\vgui2\vgui_controls\release\perforcefilelist.obj
c:\github\hl2cerestored\sp\src\vgui2\vgui_controls\release\splitter.obj
c:\github\hl2cerestored\sp\src\vgui2\vgui_controls\release\buildgroup.obj
c:\github\hl2cerestored\sp\src\vgui2\vgui_controls\release\listviewpanel.obj
c:\github\hl2cerestored\sp\src\vgui2\vgui_controls\release\toolwindow.obj
c:\github\hl2cerestored\sp\src\vgui2\vgui_controls\release\controls.obj
c:\github\hl2cerestored\sp\src\vgui2\vgui_controls\release\graphpanel.obj
c:\github\hl2cerestored\sp\src\vgui2\vgui_controls\release\querybox.obj
c:\github\hl2cerestored\sp\src\vgui2\vgui_controls\release\wizardsubpanel.obj
c:\github\hl2cerestored\sp\src\vgui2\vgui_controls\release\combobox.obj
c:\github\hl2cerestored\sp\src\vgui2\vgui_controls\release\messagedialog.obj
c:\github\hl2cerestored\sp\src\vgui2\vgui_controls\release\savedocumentquery.obj
c:\github\hl2cerestored\sp\src\vgui2\vgui_controls\release\cvartogglecheckbutton.obj
c:\github\hl2cerestored\sp\src\vgui2\vgui_controls\release\menubar.obj
c:\github\hl2cerestored\sp\src\vgui2\vgui_controls\release\subrectimage.obj
c:\github\hl2cerestored\sp\src\vgui2\vgui_controls\release\circularprogressbar.obj
c:\github\hl2cerestored\sp\src\vgui2\vgui_controls\release\html.obj
c:\github\hl2cerestored\sp\src\vgui2\vgui_controls\release\treeviewlistcontrol.obj
c:\github\hl2cerestored\sp\src\vgui2\vgui_controls\release\consoledialog.obj
c:\github\hl2cerestored\sp\src\vgui2\vgui_controls\release\progressbar.obj
c:\github\hl2cerestored\sp\src\vgui2\vgui_controls\release\slider.obj
c:\github\hl2cerestored\sp\src\vgui2\vgui_controls\release\analogbar.obj
c:\github\hl2cerestored\sp\src\vgui2\vgui_controls\release\keyboardeditordialog.obj
c:\github\hl2cerestored\sp\src\vgui2\vgui_controls\release\treeview.obj
c:\github\hl2cerestored\sp\src\vgui2\vgui_controls\release\fileopendialog.obj
c:\github\hl2cerestored\sp\src\vgui2\vgui_controls\release\perforcefilelistframe.obj
c:\github\hl2cerestored\sp\src\vgui2\vgui_controls\release\scrollableeditablepanel.obj
c:\github\hl2cerestored\sp\src\vgui2\vgui_controls\release\buildmodedialog.obj
c:\github\hl2cerestored\sp\src\vgui2\vgui_controls\release\menuitem.obj
c:\github\hl2cerestored\sp\src\vgui2\vgui_controls\release\rotatingprogressbar.obj
c:\github\hl2cerestored\sp\src\vgui2\vgui_controls\release\checkbuttonlist.obj
c:\github\hl2cerestored\sp\src\vgui2\vgui_controls\release\label.obj
c:\github\hl2cerestored\sp\src\vgui2\vgui_controls\release\radiobutton.obj
c:\github\hl2cerestored\sp\src\vgui2\vgui_controls\release\button.obj
c:\github\hl2cerestored\sp\src\vgui2\vgui_controls\release\imagelist.obj
c:\github\hl2cerestored\sp\src\vgui2\vgui_controls\release\progressbox.obj
c:\github\hl2cerestored\sp\src\vgui2\vgui_controls\release\scrollbar.obj
c:\github\hl2cerestored\sp\src\vgui2\vgui_controls\release\fileopenstatemachine.obj
c:\github\hl2cerestored\sp\src\vgui2\vgui_controls\release\keybindinghelpdialog.obj
c:\github\hl2cerestored\sp\src\vgui2\vgui_controls\release\tooltip.obj
c:\github\hl2cerestored\sp\src\vgui2\vgui_controls\release\focusnavgroup.obj
c:\github\hl2cerestored\sp\src\vgui2\vgui_controls\release\panellistpanel.obj
c:\github\hl2cerestored\sp\src\vgui2\vgui_controls\release\scalableimagepanel.obj
c:\github\hl2cerestored\sp\src\vgui2\vgui_controls\release\bitmapimagepanel.obj
c:\github\hl2cerestored\sp\src\vgui2\vgui_controls\release\frame.obj
c:\github\hl2cerestored\sp\src\vgui2\vgui_controls\release\propertypage.obj
c:\github\hl2cerestored\sp\src\vgui2\vgui_controls\release\togglebutton.obj
c:\github\hl2cerestored\sp\src\vgui2\vgui_controls\release\animationcontroller.obj
c:\github\hl2cerestored\sp\src\vgui2\vgui_controls\release\perforcefileexplorer.obj
c:\github\hl2cerestored\sp\src\vgui2\vgui_controls\release\textimage.obj
c:\github\hl2cerestored\sp\src\vgui2\vgui_controls\release\filesystem_helpers.obj
c:\github\hl2cerestored\sp\src\vgui2\vgui_controls\release\menu.obj
c:\github\hl2cerestored\sp\src\vgui2\vgui_controls\release\vgui_key_translation.obj
c:\github\hl2cerestored\sp\src\vgui2\vgui_controls\vgui_controls.vpc.sentinel
c:\github\hl2cerestored\sp\src\lib\public\vgui_controls.lib
c:\github\hl2cerestored\sp\src\vgui2\vgui_controls\release\vgui_controls.tlog\cl.10392.write.1.tlog
c:\github\hl2cerestored\sp\src\vgui2\vgui_controls\release\vgui_controls.tlog\cl.command.1.tlog
c:\github\hl2cerestored\sp\src\vgui2\vgui_controls\release\vgui_controls.tlog\cl.items.tlog
c:\github\hl2cerestored\sp\src\vgui2\vgui_controls\release\vgui_controls.tlog\cl.read.1.tlog
c:\github\hl2cerestored\sp\src\vgui2\vgui_controls\release\vgui_controls.tlog\custombuild.command.1.tlog
c:\github\hl2cerestored\sp\src\vgui2\vgui_controls\release\vgui_controls.tlog\custombuild.read.1.tlog
c:\github\hl2cerestored\sp\src\vgui2\vgui_controls\release\vgui_controls.tlog\custombuild.write.1.tlog
c:\github\hl2cerestored\sp\src\vgui2\vgui_controls\release\vgui_controls.tlog\lib-link.write.1.tlog
c:\github\hl2cerestored\sp\src\vgui2\vgui_controls\release\vgui_controls.tlog\lib.command.1.tlog
c:\github\hl2cerestored\sp\src\vgui2\vgui_controls\release\vgui_controls.tlog\lib.read.1.tlog
