c:\github\hl2cerestored\sp\src\utils\vrad_launcher\debug\vrad_launcher.pch
c:\github\hl2cerestored\sp\src\utils\vrad_launcher\release\vc145.pdb
c:\github\hl2cerestored\sp\src\utils\vrad_launcher\release\stdafx.obj
c:\github\hl2cerestored\sp\src\utils\vrad_launcher\release\vrad_launcher.obj
c:\github\hl2cerestored\sp\src\utils\vrad_launcher\release\pointeroverride.obj
c:\github\hl2cerestored\sp\src\utils\vrad_launcher\vrad_launcher.vpc.sentinel
c:\github\hl2cerestored\sp\src\utils\vrad_launcher\release\vrad.exe
c:\github\hl2cerestored\sp\src\utils\vrad_launcher\release\vrad.pdb
c:\github\hl2cerestored\sp\src\utils\vrad_launcher\release\vrad.lib
c:\github\hl2cerestored\sp\src\utils\vrad_launcher\release\vrad.exp
c:\github\hl2cerestored\sp\src\utils\vrad_launcher\release\vrad_launcher.tlog\cl.command.1.tlog
c:\github\hl2cerestored\sp\src\utils\vrad_launcher\release\vrad_launcher.tlog\cl.items.tlog
c:\github\hl2cerestored\sp\src\utils\vrad_launcher\release\vrad_launcher.tlog\cl.read.1.tlog
c:\github\hl2cerestored\sp\src\utils\vrad_launcher\release\vrad_launcher.tlog\cl.write.1.tlog
c:\github\hl2cerestored\sp\src\utils\vrad_launcher\release\vrad_launcher.tlog\custombuild.command.1.tlog
c:\github\hl2cerestored\sp\src\utils\vrad_launcher\release\vrad_launcher.tlog\custombuild.read.1.tlog
c:\github\hl2cerestored\sp\src\utils\vrad_launcher\release\vrad_launcher.tlog\custombuild.write.1.tlog
c:\github\hl2cerestored\sp\src\utils\vrad_launcher\release\vrad_launcher.tlog\link.command.1.tlog
c:\github\hl2cerestored\sp\src\utils\vrad_launcher\release\vrad_launcher.tlog\link.read.1.tlog
c:\github\hl2cerestored\sp\src\utils\vrad_launcher\release\vrad_launcher.tlog\link.secondary.1.tlog
c:\github\hl2cerestored\sp\src\utils\vrad_launcher\release\vrad_launcher.tlog\link.write.1.tlog
