c:\github\hl2cerestored\sp\src\utils\vvis\release\scratchpad3d.obj
c:\github\hl2cerestored\sp\src\utils\vvis\release\mysqldatabase.obj
c:\github\hl2cerestored\sp\src\utils\vvis\release\scriplib.obj
c:\github\hl2cerestored\sp\src\utils\vvis\release\cmdlib.obj
c:\github\hl2cerestored\sp\src\utils\vvis\release\threads.obj
c:\github\hl2cerestored\sp\src\utils\vvis\release\mpi_stats.obj
c:\github\hl2cerestored\sp\src\utils\vvis\release\zip_utils.obj
c:\github\hl2cerestored\sp\src\utils\vvis\release\flow.obj
c:\github\hl2cerestored\sp\src\utils\vvis\release\scratchpad_helpers.obj
c:\github\hl2cerestored\sp\src\utils\vvis\release\waterdist.obj
c:\github\hl2cerestored\sp\src\utils\vvis\release\vvis.obj
c:\github\hl2cerestored\sp\src\utils\vvis\release\loadcmdline.obj
c:\github\hl2cerestored\sp\src\utils\vvis\release\collisionutils.obj
c:\github\hl2cerestored\sp\src\utils\vvis\release\lumpfiles.obj
c:\github\hl2cerestored\sp\src\utils\vvis\release\filesystem_helpers.obj
c:\github\hl2cerestored\sp\src\utils\vvis\release\pacifier.obj
c:\github\hl2cerestored\sp\src\utils\vvis\release\tools_minidump.obj
c:\github\hl2cerestored\sp\src\utils\vvis\release\bsplib.obj
c:\github\hl2cerestored\sp\src\utils\vvis\release\vmpi_tools_shared.obj
c:\github\hl2cerestored\sp\src\utils\vvis\release\mpivis.obj
c:\github\hl2cerestored\sp\src\utils\vvis\release\vc145.pdb
c:\github\hl2cerestored\sp\src\utils\vvis\release\pointeroverride.obj
c:\github\hl2cerestored\sp\src\utils\vvis\vvis_dll.vpc.sentinel
c:\github\hl2cerestored\sp\src\utils\vvis\release\vvis_dll.dll
c:\github\hl2cerestored\sp\src\utils\vvis\release\vvis_dll.pdb
c:\github\hl2cerestored\sp\src\utils\vvis\release\vvis_dll.lib
c:\github\hl2cerestored\sp\src\utils\vvis\release\vvis_dll.exp
c:\github\hl2cerestored\sp\src\utils\vvis\release\vvis_dll.tlog\cl.15228.write.1.tlog
c:\github\hl2cerestored\sp\src\utils\vvis\release\vvis_dll.tlog\cl.command.1.tlog
c:\github\hl2cerestored\sp\src\utils\vvis\release\vvis_dll.tlog\cl.items.tlog
c:\github\hl2cerestored\sp\src\utils\vvis\release\vvis_dll.tlog\cl.read.1.tlog
c:\github\hl2cerestored\sp\src\utils\vvis\release\vvis_dll.tlog\custombuild.command.1.tlog
c:\github\hl2cerestored\sp\src\utils\vvis\release\vvis_dll.tlog\custombuild.read.1.tlog
c:\github\hl2cerestored\sp\src\utils\vvis\release\vvis_dll.tlog\custombuild.write.1.tlog
c:\github\hl2cerestored\sp\src\utils\vvis\release\vvis_dll.tlog\link.command.1.tlog
c:\github\hl2cerestored\sp\src\utils\vvis\release\vvis_dll.tlog\link.read.1.tlog
c:\github\hl2cerestored\sp\src\utils\vvis\release\vvis_dll.tlog\link.secondary.1.tlog
c:\github\hl2cerestored\sp\src\utils\vvis\release\vvis_dll.tlog\link.write.1.tlog
