c:\github\hl2cerestored\sp\src\utils\glview\release\filesystem_helpers.obj
c:\github\hl2cerestored\sp\src\utils\glview\release\cmdlib.obj
c:\github\hl2cerestored\sp\src\utils\glview\release\physdll.obj
c:\github\hl2cerestored\sp\src\utils\glview\release\glview.obj
c:\github\hl2cerestored\sp\src\utils\glview\release\memoverride.obj
c:\github\hl2cerestored\sp\src\utils\glview\release\filesystem_tools.obj
c:\github\hl2cerestored\sp\src\utils\glview\release\filesystem_init.obj
c:\github\hl2cerestored\sp\src\utils\glview\release\vc145.pdb
c:\github\hl2cerestored\sp\src\utils\glview\release\pointeroverride.obj
c:\github\hl2cerestored\sp\src\utils\glview\glview.vpc.sentinel
c:\github\hl2cerestored\sp\src\utils\glview\release\glview.exe
c:\github\hl2cerestored\sp\src\utils\glview\release\glview.pdb
c:\github\hl2cerestored\sp\src\utils\glview\release\glview.lib
c:\github\hl2cerestored\sp\src\utils\glview\release\glview.exp
c:\github\hl2cerestored\sp\src\utils\glview\release\glview.tlog\cl.20272.write.1.tlog
c:\github\hl2cerestored\sp\src\utils\glview\release\glview.tlog\cl.command.1.tlog
c:\github\hl2cerestored\sp\src\utils\glview\release\glview.tlog\cl.items.tlog
c:\github\hl2cerestored\sp\src\utils\glview\release\glview.tlog\cl.read.1.tlog
c:\github\hl2cerestored\sp\src\utils\glview\release\glview.tlog\custombuild.command.1.tlog
c:\github\hl2cerestored\sp\src\utils\glview\release\glview.tlog\custombuild.read.1.tlog
c:\github\hl2cerestored\sp\src\utils\glview\release\glview.tlog\custombuild.write.1.tlog
c:\github\hl2cerestored\sp\src\utils\glview\release\glview.tlog\link.command.1.tlog
c:\github\hl2cerestored\sp\src\utils\glview\release\glview.tlog\link.read.1.tlog
c:\github\hl2cerestored\sp\src\utils\glview\release\glview.tlog\link.secondary.1.tlog
c:\github\hl2cerestored\sp\src\utils\glview\release\glview.tlog\link.write.1.tlog
