c:\github\hl2cerestored\sp\src\utils\vice\release\filesystem_helpers.obj
c:\github\hl2cerestored\sp\src\utils\vice\release\filesystem_tools.obj
c:\github\hl2cerestored\sp\src\utils\vice\release\memoverride.obj
c:\github\hl2cerestored\sp\src\utils\vice\release\cmdlib.obj
c:\github\hl2cerestored\sp\src\utils\vice\release\vice.obj
c:\github\hl2cerestored\sp\src\utils\vice\release\filesystem_init.obj
c:\github\hl2cerestored\sp\src\utils\vice\release\vc145.pdb
c:\github\hl2cerestored\sp\src\utils\vice\release\pointeroverride.obj
c:\github\hl2cerestored\sp\src\utils\vice\vice.vpc.sentinel
c:\github\hl2cerestored\sp\src\utils\vice\release\vice.exe
c:\github\hl2cerestored\sp\src\utils\vice\release\vice.pdb
c:\github\hl2cerestored\sp\src\utils\vice\release\vice.lib
c:\github\hl2cerestored\sp\src\utils\vice\release\vice.exp
c:\github\hl2cerestored\sp\src\utils\vice\release\vice.tlog\cl.14180.write.1.tlog
c:\github\hl2cerestored\sp\src\utils\vice\release\vice.tlog\cl.command.1.tlog
c:\github\hl2cerestored\sp\src\utils\vice\release\vice.tlog\cl.items.tlog
c:\github\hl2cerestored\sp\src\utils\vice\release\vice.tlog\cl.read.1.tlog
c:\github\hl2cerestored\sp\src\utils\vice\release\vice.tlog\custombuild.command.1.tlog
c:\github\hl2cerestored\sp\src\utils\vice\release\vice.tlog\custombuild.read.1.tlog
c:\github\hl2cerestored\sp\src\utils\vice\release\vice.tlog\custombuild.write.1.tlog
c:\github\hl2cerestored\sp\src\utils\vice\release\vice.tlog\link.command.1.tlog
c:\github\hl2cerestored\sp\src\utils\vice\release\vice.tlog\link.read.1.tlog
c:\github\hl2cerestored\sp\src\utils\vice\release\vice.tlog\link.secondary.1.tlog
c:\github\hl2cerestored\sp\src\utils\vice\release\vice.tlog\link.write.1.tlog
