c:\github\hl2cerestored\sp\src\utils\vtf2tga\release\memoverride.obj
c:\github\hl2cerestored\sp\src\utils\vtf2tga\release\vtf2tga.obj
c:\github\hl2cerestored\sp\src\utils\vtf2tga\release\vc145.pdb
c:\github\hl2cerestored\sp\src\utils\vtf2tga\release\pointeroverride.obj
c:\github\hl2cerestored\sp\src\utils\vtf2tga\vtf2tga.vpc.sentinel
c:\github\hl2cerestored\sp\src\utils\vtf2tga\release\vtf2tga.exe
c:\github\hl2cerestored\sp\src\utils\vtf2tga\release\vtf2tga.pdb
c:\github\hl2cerestored\sp\src\utils\vtf2tga\release\vtf2tga.lib
c:\github\hl2cerestored\sp\src\utils\vtf2tga\release\vtf2tga.exp
c:\github\hl2cerestored\sp\src\utils\vtf2tga\release\vtf2tga.tlog\cl.15740.write.1.tlog
c:\github\hl2cerestored\sp\src\utils\vtf2tga\release\vtf2tga.tlog\cl.command.1.tlog
c:\github\hl2cerestored\sp\src\utils\vtf2tga\release\vtf2tga.tlog\cl.items.tlog
c:\github\hl2cerestored\sp\src\utils\vtf2tga\release\vtf2tga.tlog\cl.read.1.tlog
c:\github\hl2cerestored\sp\src\utils\vtf2tga\release\vtf2tga.tlog\custombuild.command.1.tlog
c:\github\hl2cerestored\sp\src\utils\vtf2tga\release\vtf2tga.tlog\custombuild.read.1.tlog
c:\github\hl2cerestored\sp\src\utils\vtf2tga\release\vtf2tga.tlog\custombuild.write.1.tlog
c:\github\hl2cerestored\sp\src\utils\vtf2tga\release\vtf2tga.tlog\link.command.1.tlog
c:\github\hl2cerestored\sp\src\utils\vtf2tga\release\vtf2tga.tlog\link.read.1.tlog
c:\github\hl2cerestored\sp\src\utils\vtf2tga\release\vtf2tga.tlog\link.secondary.1.tlog
c:\github\hl2cerestored\sp\src\utils\vtf2tga\release\vtf2tga.tlog\link.write.1.tlog
