c:\github\hl2cerestored\sp\src\utils\vvis_launcher\debug\vvis_launcher.pch
c:\github\hl2cerestored\sp\src\utils\vvis_launcher\release\vc145.pdb
c:\github\hl2cerestored\sp\src\utils\vvis_launcher\release\stdafx.obj
c:\github\hl2cerestored\sp\src\utils\vvis_launcher\release\memoverride.obj
c:\github\hl2cerestored\sp\src\utils\vvis_launcher\release\vvis_launcher.obj
c:\github\hl2cerestored\sp\src\utils\vvis_launcher\release\pointeroverride.obj
c:\github\hl2cerestored\sp\src\utils\vvis_launcher\vvis_launcher.vpc.sentinel
c:\github\hl2cerestored\sp\src\utils\vvis_launcher\release\vvis.exe
c:\github\hl2cerestored\sp\src\utils\vvis_launcher\release\vvis.pdb
c:\github\hl2cerestored\sp\src\utils\vvis_launcher\release\vvis.lib
c:\github\hl2cerestored\sp\src\utils\vvis_launcher\release\vvis.exp
c:\github\hl2cerestored\sp\src\utils\vvis_launcher\release\vvis_launcher.tlog\cl.command.1.tlog
c:\github\hl2cerestored\sp\src\utils\vvis_launcher\release\vvis_launcher.tlog\cl.items.tlog
c:\github\hl2cerestored\sp\src\utils\vvis_launcher\release\vvis_launcher.tlog\cl.read.1.tlog
c:\github\hl2cerestored\sp\src\utils\vvis_launcher\release\vvis_launcher.tlog\cl.write.1.tlog
c:\github\hl2cerestored\sp\src\utils\vvis_launcher\release\vvis_launcher.tlog\custombuild.command.1.tlog
c:\github\hl2cerestored\sp\src\utils\vvis_launcher\release\vvis_launcher.tlog\custombuild.read.1.tlog
c:\github\hl2cerestored\sp\src\utils\vvis_launcher\release\vvis_launcher.tlog\custombuild.write.1.tlog
c:\github\hl2cerestored\sp\src\utils\vvis_launcher\release\vvis_launcher.tlog\link.command.1.tlog
c:\github\hl2cerestored\sp\src\utils\vvis_launcher\release\vvis_launcher.tlog\link.read.1.tlog
c:\github\hl2cerestored\sp\src\utils\vvis_launcher\release\vvis_launcher.tlog\link.secondary.1.tlog
c:\github\hl2cerestored\sp\src\utils\vvis_launcher\release\vvis_launcher.tlog\link.write.1.tlog
