c:\github\hl2cerestored\sp\src\utils\captioncompiler\release\compiledcaptionswap.obj
c:\github\hl2cerestored\sp\src\utils\captioncompiler\release\filesystem_init.obj
c:\github\hl2cerestored\sp\src\utils\captioncompiler\release\captioncompiler.obj
c:\github\hl2cerestored\sp\src\utils\captioncompiler\release\stringregistry.obj
c:\github\hl2cerestored\sp\src\utils\captioncompiler\release\scriplib.obj
c:\github\hl2cerestored\sp\src\utils\captioncompiler\release\filesystem_helpers.obj
c:\github\hl2cerestored\sp\src\utils\captioncompiler\release\cmdlib.obj
c:\github\hl2cerestored\sp\src\utils\captioncompiler\release\memoverride.obj
c:\github\hl2cerestored\sp\src\utils\captioncompiler\release\filesystem_tools.obj
c:\github\hl2cerestored\sp\src\utils\captioncompiler\release\pacifier.obj
c:\github\hl2cerestored\sp\src\utils\captioncompiler\release\vc145.pdb
c:\github\hl2cerestored\sp\src\utils\captioncompiler\release\pointeroverride.obj
c:\github\hl2cerestored\sp\src\utils\captioncompiler\captioncompiler.vpc.sentinel
c:\github\hl2cerestored\sp\src\utils\captioncompiler\release\captioncompiler.exe
c:\github\hl2cerestored\sp\src\utils\captioncompiler\release\captioncompiler.pdb
c:\github\hl2cerestored\sp\src\utils\captioncompiler\release\captioncompiler.lib
c:\github\hl2cerestored\sp\src\utils\captioncompiler\release\captioncompiler.exp
c:\github\hl2cerestored\sp\src\utils\captioncompiler\release\captioncompiler.tlog\cl.13288.write.1.tlog
c:\github\hl2cerestored\sp\src\utils\captioncompiler\release\captioncompiler.tlog\cl.command.1.tlog
c:\github\hl2cerestored\sp\src\utils\captioncompiler\release\captioncompiler.tlog\cl.items.tlog
c:\github\hl2cerestored\sp\src\utils\captioncompiler\release\captioncompiler.tlog\cl.read.1.tlog
c:\github\hl2cerestored\sp\src\utils\captioncompiler\release\captioncompiler.tlog\custombuild.command.1.tlog
c:\github\hl2cerestored\sp\src\utils\captioncompiler\release\captioncompiler.tlog\custombuild.read.1.tlog
c:\github\hl2cerestored\sp\src\utils\captioncompiler\release\captioncompiler.tlog\custombuild.write.1.tlog
c:\github\hl2cerestored\sp\src\utils\captioncompiler\release\captioncompiler.tlog\link.command.1.tlog
c:\github\hl2cerestored\sp\src\utils\captioncompiler\release\captioncompiler.tlog\link.read.1.tlog
c:\github\hl2cerestored\sp\src\utils\captioncompiler\release\captioncompiler.tlog\link.secondary.1.tlog
c:\github\hl2cerestored\sp\src\utils\captioncompiler\release\captioncompiler.tlog\link.write.1.tlog
