c:\github\hl2cerestored\sp\src\utils\tgadiff\release\tgadiff.obj
c:\github\hl2cerestored\sp\src\utils\tgadiff\release\memoverride.obj
c:\github\hl2cerestored\sp\src\utils\tgadiff\release\vc145.pdb
c:\github\hl2cerestored\sp\src\utils\tgadiff\release\pointeroverride.obj
c:\github\hl2cerestored\sp\src\utils\tgadiff\tgadiff.vpc.sentinel
c:\github\hl2cerestored\sp\src\utils\tgadiff\release\tgadiff.exe
c:\github\hl2cerestored\sp\src\utils\tgadiff\release\tgadiff.pdb
c:\github\hl2cerestored\sp\src\utils\tgadiff\release\tgadiff.lib
c:\github\hl2cerestored\sp\src\utils\tgadiff\release\tgadiff.exp
c:\github\hl2cerestored\sp\src\utils\tgadiff\release\tgadiff.tlog\cl.16712.write.1.tlog
c:\github\hl2cerestored\sp\src\utils\tgadiff\release\tgadiff.tlog\cl.command.1.tlog
c:\github\hl2cerestored\sp\src\utils\tgadiff\release\tgadiff.tlog\cl.items.tlog
c:\github\hl2cerestored\sp\src\utils\tgadiff\release\tgadiff.tlog\cl.read.1.tlog
c:\github\hl2cerestored\sp\src\utils\tgadiff\release\tgadiff.tlog\custombuild.command.1.tlog
c:\github\hl2cerestored\sp\src\utils\tgadiff\release\tgadiff.tlog\custombuild.read.1.tlog
c:\github\hl2cerestored\sp\src\utils\tgadiff\release\tgadiff.tlog\custombuild.write.1.tlog
c:\github\hl2cerestored\sp\src\utils\tgadiff\release\tgadiff.tlog\link.command.1.tlog
c:\github\hl2cerestored\sp\src\utils\tgadiff\release\tgadiff.tlog\link.read.1.tlog
c:\github\hl2cerestored\sp\src\utils\tgadiff\release\tgadiff.tlog\link.secondary.1.tlog
c:\github\hl2cerestored\sp\src\utils\tgadiff\release\tgadiff.tlog\link.write.1.tlog
